Determining if the pthread_create exist failed with the following output:
Change Dir: /fs03/share/users/aykel.cheniour/home/Bureau/ROB_MOB/RobMob_TP_CHENIOUR_BURDET/build/navigation_stage_student_tp/CMakeFiles/CMakeTmp

Run Build Command:"/usr/bin/make" "cmTC_d2371/fast"
/usr/bin/make -f CMakeFiles/cmTC_d2371.dir/build.make CMakeFiles/cmTC_d2371.dir/build
make[1] : on entre dans le répertoire « /fs03/share/users/aykel.cheniour/home/Bureau/ROB_MOB/RobMob_TP_CHENIOUR_BURDET/build/navigation_stage_student_tp/CMakeFiles/CMakeTmp »
Building C object CMakeFiles/cmTC_d2371.dir/CheckSymbolExists.c.o
/usr/bin/cc    -o CMakeFiles/cmTC_d2371.dir/CheckSymbolExists.c.o   -c /fs03/share/users/aykel.cheniour/home/Bureau/ROB_MOB/RobMob_TP_CHENIOUR_BURDET/build/navigation_stage_student_tp/CMakeFiles/CMakeTmp/CheckSymbolExists.c
Linking C executable cmTC_d2371
/usr/bin/cmake -E cmake_link_script CMakeFiles/cmTC_d2371.dir/link.txt --verbose=1
/usr/bin/cc      -rdynamic CMakeFiles/cmTC_d2371.dir/CheckSymbolExists.c.o  -o cmTC_d2371 
CMakeFiles/cmTC_d2371.dir/CheckSymbolExists.c.o : Dans la fonction « main » :
CheckSymbolExists.c:(.text+0x1b) : référence indéfinie vers « pthread_create »
collect2: error: ld returned 1 exit status
CMakeFiles/cmTC_d2371.dir/build.make:97: recipe for target 'cmTC_d2371' failed
make[1]: *** [cmTC_d2371] Error 1
make[1] : on quitte le répertoire « /fs03/share/users/aykel.cheniour/home/Bureau/ROB_MOB/RobMob_TP_CHENIOUR_BURDET/build/navigation_stage_student_tp/CMakeFiles/CMakeTmp »
Makefile:126: recipe for target 'cmTC_d2371/fast' failed
make: *** [cmTC_d2371/fast] Error 2

File /fs03/share/users/aykel.cheniour/home/Bureau/ROB_MOB/RobMob_TP_CHENIOUR_BURDET/build/navigation_stage_student_tp/CMakeFiles/CMakeTmp/CheckSymbolExists.c:
/* */
#include <pthread.h>

int main(int argc, char** argv)
{
  (void)argv;
#ifndef pthread_create
  return ((int*)(&pthread_create))[argc];
#else
  (void)argc;
  return 0;
#endif
}

Determining if the function pthread_create exists in the pthreads failed with the following output:
Change Dir: /fs03/share/users/aykel.cheniour/home/Bureau/ROB_MOB/RobMob_TP_CHENIOUR_BURDET/build/navigation_stage_student_tp/CMakeFiles/CMakeTmp

Run Build Command:"/usr/bin/make" "cmTC_f26f1/fast"
/usr/bin/make -f CMakeFiles/cmTC_f26f1.dir/build.make CMakeFiles/cmTC_f26f1.dir/build
make[1] : on entre dans le répertoire « /fs03/share/users/aykel.cheniour/home/Bureau/ROB_MOB/RobMob_TP_CHENIOUR_BURDET/build/navigation_stage_student_tp/CMakeFiles/CMakeTmp »
Building C object CMakeFiles/cmTC_f26f1.dir/CheckFunctionExists.c.o
/usr/bin/cc   -DCHECK_FUNCTION_EXISTS=pthread_create   -o CMakeFiles/cmTC_f26f1.dir/CheckFunctionExists.c.o   -c /usr/share/cmake-3.10/Modules/CheckFunctionExists.c
Linking C executable cmTC_f26f1
/usr/bin/cmake -E cmake_link_script CMakeFiles/cmTC_f26f1.dir/link.txt --verbose=1
/usr/bin/cc  -DCHECK_FUNCTION_EXISTS=pthread_create    -rdynamic CMakeFiles/cmTC_f26f1.dir/CheckFunctionExists.c.o  -o cmTC_f26f1 -lpthreads 
/usr/bin/ld : ne peut trouver -lpthreads
collect2: error: ld returned 1 exit status
CMakeFiles/cmTC_f26f1.dir/build.make:97: recipe for target 'cmTC_f26f1' failed
make[1]: *** [cmTC_f26f1] Error 1
make[1] : on quitte le répertoire « /fs03/share/users/aykel.cheniour/home/Bureau/ROB_MOB/RobMob_TP_CHENIOUR_BURDET/build/navigation_stage_student_tp/CMakeFiles/CMakeTmp »
Makefile:126: recipe for target 'cmTC_f26f1/fast' failed
make: *** [cmTC_f26f1/fast] Error 2


