Determining if the pthread_create exist failed with the following output:
Change Dir: /fs03/share/users/aykel.cheniour/home/Bureau/ROB_MOB/RobMob_TP_CHENIOUR_BURDET/build/catkin_tools_prebuild/CMakeFiles/CMakeTmp

Run Build Command:"/usr/bin/make" "cmTC_6b67c/fast"
/usr/bin/make -f CMakeFiles/cmTC_6b67c.dir/build.make CMakeFiles/cmTC_6b67c.dir/build
make[1] : on entre dans le répertoire « /fs03/share/users/aykel.cheniour/home/Bureau/ROB_MOB/RobMob_TP_CHENIOUR_BURDET/build/catkin_tools_prebuild/CMakeFiles/CMakeTmp »
Building C object CMakeFiles/cmTC_6b67c.dir/CheckSymbolExists.c.o
/usr/bin/cc    -o CMakeFiles/cmTC_6b67c.dir/CheckSymbolExists.c.o   -c /fs03/share/users/aykel.cheniour/home/Bureau/ROB_MOB/RobMob_TP_CHENIOUR_BURDET/build/catkin_tools_prebuild/CMakeFiles/CMakeTmp/CheckSymbolExists.c
Linking C executable cmTC_6b67c
/usr/bin/cmake -E cmake_link_script CMakeFiles/cmTC_6b67c.dir/link.txt --verbose=1
/usr/bin/cc      -rdynamic CMakeFiles/cmTC_6b67c.dir/CheckSymbolExists.c.o  -o cmTC_6b67c 
CMakeFiles/cmTC_6b67c.dir/CheckSymbolExists.c.o : Dans la fonction « main » :
CheckSymbolExists.c:(.text+0x1b) : référence indéfinie vers « pthread_create »
collect2: error: ld returned 1 exit status
CMakeFiles/cmTC_6b67c.dir/build.make:97: recipe for target 'cmTC_6b67c' failed
make[1]: *** [cmTC_6b67c] Error 1
make[1] : on quitte le répertoire « /fs03/share/users/aykel.cheniour/home/Bureau/ROB_MOB/RobMob_TP_CHENIOUR_BURDET/build/catkin_tools_prebuild/CMakeFiles/CMakeTmp »
Makefile:126: recipe for target 'cmTC_6b67c/fast' failed
make: *** [cmTC_6b67c/fast] Error 2

File /fs03/share/users/aykel.cheniour/home/Bureau/ROB_MOB/RobMob_TP_CHENIOUR_BURDET/build/catkin_tools_prebuild/CMakeFiles/CMakeTmp/CheckSymbolExists.c:
/* */
#include <pthread.h>

int main(int argc, char** argv)
{
  (void)argv;
#ifndef pthread_create
  return ((int*)(&pthread_create))[argc];
#else
  (void)argc;
  return 0;
#endif
}

Determining if the function pthread_create exists in the pthreads failed with the following output:
Change Dir: /fs03/share/users/aykel.cheniour/home/Bureau/ROB_MOB/RobMob_TP_CHENIOUR_BURDET/build/catkin_tools_prebuild/CMakeFiles/CMakeTmp

Run Build Command:"/usr/bin/make" "cmTC_42079/fast"
/usr/bin/make -f CMakeFiles/cmTC_42079.dir/build.make CMakeFiles/cmTC_42079.dir/build
make[1] : on entre dans le répertoire « /fs03/share/users/aykel.cheniour/home/Bureau/ROB_MOB/RobMob_TP_CHENIOUR_BURDET/build/catkin_tools_prebuild/CMakeFiles/CMakeTmp »
Building C object CMakeFiles/cmTC_42079.dir/CheckFunctionExists.c.o
/usr/bin/cc   -DCHECK_FUNCTION_EXISTS=pthread_create   -o CMakeFiles/cmTC_42079.dir/CheckFunctionExists.c.o   -c /usr/share/cmake-3.10/Modules/CheckFunctionExists.c
Linking C executable cmTC_42079
/usr/bin/cmake -E cmake_link_script CMakeFiles/cmTC_42079.dir/link.txt --verbose=1
/usr/bin/cc  -DCHECK_FUNCTION_EXISTS=pthread_create    -rdynamic CMakeFiles/cmTC_42079.dir/CheckFunctionExists.c.o  -o cmTC_42079 -lpthreads 
/usr/bin/ld : ne peut trouver -lpthreads
collect2: error: ld returned 1 exit status
CMakeFiles/cmTC_42079.dir/build.make:97: recipe for target 'cmTC_42079' failed
make[1]: *** [cmTC_42079] Error 1
make[1] : on quitte le répertoire « /fs03/share/users/aykel.cheniour/home/Bureau/ROB_MOB/RobMob_TP_CHENIOUR_BURDET/build/catkin_tools_prebuild/CMakeFiles/CMakeTmp »
Makefile:126: recipe for target 'cmTC_42079/fast' failed
make: *** [cmTC_42079/fast] Error 2


