Determining if the pthread_create exist failed with the following output:
Change Dir: /fs03/share/users/aykel.cheniour/home/Bureau/ROB_MOB/RobMob_TP_CHENIOUR_BURDET/build/turtlebot_stage/CMakeFiles/CMakeTmp

Run Build Command:"/usr/bin/make" "cmTC_adc88/fast"
/usr/bin/make -f CMakeFiles/cmTC_adc88.dir/build.make CMakeFiles/cmTC_adc88.dir/build
make[1] : on entre dans le répertoire « /fs03/share/users/aykel.cheniour/home/Bureau/ROB_MOB/RobMob_TP_CHENIOUR_BURDET/build/turtlebot_stage/CMakeFiles/CMakeTmp »
Building C object CMakeFiles/cmTC_adc88.dir/CheckSymbolExists.c.o
/usr/bin/cc    -o CMakeFiles/cmTC_adc88.dir/CheckSymbolExists.c.o   -c /fs03/share/users/aykel.cheniour/home/Bureau/ROB_MOB/RobMob_TP_CHENIOUR_BURDET/build/turtlebot_stage/CMakeFiles/CMakeTmp/CheckSymbolExists.c
Linking C executable cmTC_adc88
/usr/bin/cmake -E cmake_link_script CMakeFiles/cmTC_adc88.dir/link.txt --verbose=1
/usr/bin/cc      -rdynamic CMakeFiles/cmTC_adc88.dir/CheckSymbolExists.c.o  -o cmTC_adc88 
CMakeFiles/cmTC_adc88.dir/CheckSymbolExists.c.o : Dans la fonction « main » :
CheckSymbolExists.c:(.text+0x1b) : référence indéfinie vers « pthread_create »
collect2: error: ld returned 1 exit status
CMakeFiles/cmTC_adc88.dir/build.make:97: recipe for target 'cmTC_adc88' failed
make[1]: *** [cmTC_adc88] Error 1
make[1] : on quitte le répertoire « /fs03/share/users/aykel.cheniour/home/Bureau/ROB_MOB/RobMob_TP_CHENIOUR_BURDET/build/turtlebot_stage/CMakeFiles/CMakeTmp »
Makefile:126: recipe for target 'cmTC_adc88/fast' failed
make: *** [cmTC_adc88/fast] Error 2

File /fs03/share/users/aykel.cheniour/home/Bureau/ROB_MOB/RobMob_TP_CHENIOUR_BURDET/build/turtlebot_stage/CMakeFiles/CMakeTmp/CheckSymbolExists.c:
/* */
#include <pthread.h>

int main(int argc, char** argv)
{
  (void)argv;
#ifndef pthread_create
  return ((int*)(&pthread_create))[argc];
#else
  (void)argc;
  return 0;
#endif
}

Determining if the function pthread_create exists in the pthreads failed with the following output:
Change Dir: /fs03/share/users/aykel.cheniour/home/Bureau/ROB_MOB/RobMob_TP_CHENIOUR_BURDET/build/turtlebot_stage/CMakeFiles/CMakeTmp

Run Build Command:"/usr/bin/make" "cmTC_2b1ab/fast"
/usr/bin/make -f CMakeFiles/cmTC_2b1ab.dir/build.make CMakeFiles/cmTC_2b1ab.dir/build
make[1] : on entre dans le répertoire « /fs03/share/users/aykel.cheniour/home/Bureau/ROB_MOB/RobMob_TP_CHENIOUR_BURDET/build/turtlebot_stage/CMakeFiles/CMakeTmp »
Building C object CMakeFiles/cmTC_2b1ab.dir/CheckFunctionExists.c.o
/usr/bin/cc   -DCHECK_FUNCTION_EXISTS=pthread_create   -o CMakeFiles/cmTC_2b1ab.dir/CheckFunctionExists.c.o   -c /usr/share/cmake-3.10/Modules/CheckFunctionExists.c
Linking C executable cmTC_2b1ab
/usr/bin/cmake -E cmake_link_script CMakeFiles/cmTC_2b1ab.dir/link.txt --verbose=1
/usr/bin/cc  -DCHECK_FUNCTION_EXISTS=pthread_create    -rdynamic CMakeFiles/cmTC_2b1ab.dir/CheckFunctionExists.c.o  -o cmTC_2b1ab -lpthreads 
/usr/bin/ld : ne peut trouver -lpthreads
collect2: error: ld returned 1 exit status
CMakeFiles/cmTC_2b1ab.dir/build.make:97: recipe for target 'cmTC_2b1ab' failed
make[1]: *** [cmTC_2b1ab] Error 1
make[1] : on quitte le répertoire « /fs03/share/users/aykel.cheniour/home/Bureau/ROB_MOB/RobMob_TP_CHENIOUR_BURDET/build/turtlebot_stage/CMakeFiles/CMakeTmp »
Makefile:126: recipe for target 'cmTC_2b1ab/fast' failed
make: *** [cmTC_2b1ab/fast] Error 2


