Symlinking /fs03/share/users/aykel.cheniour/home/Bureau/ROB_MOB/catkin_ws/devel/./local_setup.sh
Symlinking /fs03/share/users/aykel.cheniour/home/Bureau/ROB_MOB/catkin_ws/devel/./setup.sh
Symlinking /fs03/share/users/aykel.cheniour/home/Bureau/ROB_MOB/catkin_ws/devel/./local_setup.zsh
Symlinking /fs03/share/users/aykel.cheniour/home/Bureau/ROB_MOB/catkin_ws/devel/./cmake.lock
Symlinking /fs03/share/users/aykel.cheniour/home/Bureau/ROB_MOB/catkin_ws/devel/./setup.bash
Symlinking /fs03/share/users/aykel.cheniour/home/Bureau/ROB_MOB/catkin_ws/devel/./local_setup.bash
Symlinking /fs03/share/users/aykel.cheniour/home/Bureau/ROB_MOB/catkin_ws/devel/./env.sh
Symlinking /fs03/share/users/aykel.cheniour/home/Bureau/ROB_MOB/catkin_ws/devel/./_setup_util.py
Symlinking /fs03/share/users/aykel.cheniour/home/Bureau/ROB_MOB/catkin_ws/devel/./setup.zsh
Symlinking /fs03/share/users/aykel.cheniour/home/Bureau/ROB_MOB/catkin_ws/devel/lib/pkgconfig/catkin_tools_prebuild.pc
Symlinking /fs03/share/users/aykel.cheniour/home/Bureau/ROB_MOB/catkin_ws/devel/share/catkin_tools_prebuild/cmake/catkin_tools_prebuildConfig.cmake
Symlinking /fs03/share/users/aykel.cheniour/home/Bureau/ROB_MOB/catkin_ws/devel/share/catkin_tools_prebuild/cmake/catkin_tools_prebuildConfig-version.cmake
Cleaning: (/fs03/share/users/aykel.cheniour/home/Bureau/ROB mob/catkin_ws/devel/.private/catkin_tools_prebuild/local_setup.sh, /fs03/share/users/aykel.cheniour/home/Bureau/ROB mob/catkin_ws/devel/./local_setup.sh)
Cleaning: (/fs03/share/users/aykel.cheniour/home/Bureau/ROB mob/catkin_ws/devel/.private/catkin_tools_prebuild/setup.sh, /fs03/share/users/aykel.cheniour/home/Bureau/ROB mob/catkin_ws/devel/./setup.sh)
Cleaning: (/fs03/share/users/aykel.cheniour/home/Bureau/ROB mob/catkin_ws/devel/.private/catkin_tools_prebuild/local_setup.zsh, /fs03/share/users/aykel.cheniour/home/Bureau/ROB mob/catkin_ws/devel/./local_setup.zsh)
Cleaning: (/fs03/share/users/aykel.cheniour/home/Bureau/ROB mob/catkin_ws/devel/.private/catkin_tools_prebuild/cmake.lock, /fs03/share/users/aykel.cheniour/home/Bureau/ROB mob/catkin_ws/devel/./cmake.lock)
Cleaning: (/fs03/share/users/aykel.cheniour/home/Bureau/ROB mob/catkin_ws/devel/.private/catkin_tools_prebuild/setup.bash, /fs03/share/users/aykel.cheniour/home/Bureau/ROB mob/catkin_ws/devel/./setup.bash)
Cleaning: (/fs03/share/users/aykel.cheniour/home/Bureau/ROB mob/catkin_ws/devel/.private/catkin_tools_prebuild/local_setup.bash, /fs03/share/users/aykel.cheniour/home/Bureau/ROB mob/catkin_ws/devel/./local_setup.bash)
Cleaning: (/fs03/share/users/aykel.cheniour/home/Bureau/ROB mob/catkin_ws/devel/.private/catkin_tools_prebuild/env.sh, /fs03/share/users/aykel.cheniour/home/Bureau/ROB mob/catkin_ws/devel/./env.sh)
Cleaning: (/fs03/share/users/aykel.cheniour/home/Bureau/ROB mob/catkin_ws/devel/.private/catkin_tools_prebuild/_setup_util.py, /fs03/share/users/aykel.cheniour/home/Bureau/ROB mob/catkin_ws/devel/./_setup_util.py)
Cleaning: (/fs03/share/users/aykel.cheniour/home/Bureau/ROB mob/catkin_ws/devel/.private/catkin_tools_prebuild/setup.zsh, /fs03/share/users/aykel.cheniour/home/Bureau/ROB mob/catkin_ws/devel/./setup.zsh)
Cleaning: (/fs03/share/users/aykel.cheniour/home/Bureau/ROB mob/catkin_ws/devel/.private/catkin_tools_prebuild/lib/pkgconfig/catkin_tools_prebuild.pc, /fs03/share/users/aykel.cheniour/home/Bureau/ROB mob/catkin_ws/devel/lib/pkgconfig/catkin_tools_prebuild.pc)
Cleaning: (/fs03/share/users/aykel.cheniour/home/Bureau/ROB mob/catkin_ws/devel/.private/catkin_tools_prebuild/share/catkin_tools_prebuild/cmake/catkin_tools_prebuildConfig.cmake, /fs03/share/users/aykel.cheniour/home/Bureau/ROB mob/catkin_ws/devel/share/catkin_tools_prebuild/cmake/catkin_tools_prebuildConfig.cmake)
Cleaning: (/fs03/share/users/aykel.cheniour/home/Bureau/ROB mob/catkin_ws/devel/.private/catkin_tools_prebuild/share/catkin_tools_prebuild/cmake/catkin_tools_prebuildConfig-version.cmake, /fs03/share/users/aykel.cheniour/home/Bureau/ROB mob/catkin_ws/devel/share/catkin_tools_prebuild/cmake/catkin_tools_prebuildConfig-version.cmake)
Unlinking: /fs03/share/users/aykel.cheniour/home/Bureau/ROB mob/catkin_ws/devel/./local_setup.sh
Already unlinked: {}
Unlinking: /fs03/share/users/aykel.cheniour/home/Bureau/ROB mob/catkin_ws/devel/./setup.sh
Already unlinked: {}
Unlinking: /fs03/share/users/aykel.cheniour/home/Bureau/ROB mob/catkin_ws/devel/./local_setup.zsh
Already unlinked: {}
Unlinking: /fs03/share/users/aykel.cheniour/home/Bureau/ROB mob/catkin_ws/devel/./setup.bash
Already unlinked: {}
Unlinking: /fs03/share/users/aykel.cheniour/home/Bureau/ROB mob/catkin_ws/devel/./local_setup.bash
Already unlinked: {}
Unlinking: /fs03/share/users/aykel.cheniour/home/Bureau/ROB mob/catkin_ws/devel/./env.sh
Already unlinked: {}
Unlinking: /fs03/share/users/aykel.cheniour/home/Bureau/ROB mob/catkin_ws/devel/./_setup_util.py
Already unlinked: {}
Unlinking: /fs03/share/users/aykel.cheniour/home/Bureau/ROB mob/catkin_ws/devel/./setup.zsh
Already unlinked: {}
Unlinking: /fs03/share/users/aykel.cheniour/home/Bureau/ROB mob/catkin_ws/devel/lib/pkgconfig/catkin_tools_prebuild.pc
Already unlinked: {}
Unlinking: /fs03/share/users/aykel.cheniour/home/Bureau/ROB mob/catkin_ws/devel/share/catkin_tools_prebuild/cmake/catkin_tools_prebuildConfig.cmake
Already unlinked: {}
Unlinking: /fs03/share/users/aykel.cheniour/home/Bureau/ROB mob/catkin_ws/devel/share/catkin_tools_prebuild/cmake/catkin_tools_prebuildConfig-version.cmake
Already unlinked: {}
