Determining if the pthread_create exist failed with the following output:
Change Dir: /fs03/share/users/aykel.cheniour/home/Bureau/ROB_MOB/catkin_ws/build/turtlebot_description_gazebo/CMakeFiles/CMakeTmp

Run Build Command:"/usr/bin/make" "cmTC_4210b/fast"
/usr/bin/make -f CMakeFiles/cmTC_4210b.dir/build.make CMakeFiles/cmTC_4210b.dir/build
make[1] : on entre dans le répertoire « /fs03/share/users/aykel.cheniour/home/Bureau/ROB_MOB/catkin_ws/build/turtlebot_description_gazebo/CMakeFiles/CMakeTmp »
Building C object CMakeFiles/cmTC_4210b.dir/CheckSymbolExists.c.o
/usr/bin/cc    -o CMakeFiles/cmTC_4210b.dir/CheckSymbolExists.c.o   -c /fs03/share/users/aykel.cheniour/home/Bureau/ROB_MOB/catkin_ws/build/turtlebot_description_gazebo/CMakeFiles/CMakeTmp/CheckSymbolExists.c
Linking C executable cmTC_4210b
/usr/bin/cmake -E cmake_link_script CMakeFiles/cmTC_4210b.dir/link.txt --verbose=1
/usr/bin/cc      -rdynamic CMakeFiles/cmTC_4210b.dir/CheckSymbolExists.c.o  -o cmTC_4210b 
CMakeFiles/cmTC_4210b.dir/CheckSymbolExists.c.o : Dans la fonction « main » :
CheckSymbolExists.c:(.text+0x1b) : référence indéfinie vers « pthread_create »
collect2: error: ld returned 1 exit status
CMakeFiles/cmTC_4210b.dir/build.make:97: recipe for target 'cmTC_4210b' failed
make[1]: *** [cmTC_4210b] Error 1
make[1] : on quitte le répertoire « /fs03/share/users/aykel.cheniour/home/Bureau/ROB_MOB/catkin_ws/build/turtlebot_description_gazebo/CMakeFiles/CMakeTmp »
Makefile:126: recipe for target 'cmTC_4210b/fast' failed
make: *** [cmTC_4210b/fast] Error 2

File /fs03/share/users/aykel.cheniour/home/Bureau/ROB_MOB/catkin_ws/build/turtlebot_description_gazebo/CMakeFiles/CMakeTmp/CheckSymbolExists.c:
/* */
#include <pthread.h>

int main(int argc, char** argv)
{
  (void)argv;
#ifndef pthread_create
  return ((int*)(&pthread_create))[argc];
#else
  (void)argc;
  return 0;
#endif
}

Determining if the function pthread_create exists in the pthreads failed with the following output:
Change Dir: /fs03/share/users/aykel.cheniour/home/Bureau/ROB_MOB/catkin_ws/build/turtlebot_description_gazebo/CMakeFiles/CMakeTmp

Run Build Command:"/usr/bin/make" "cmTC_c9996/fast"
/usr/bin/make -f CMakeFiles/cmTC_c9996.dir/build.make CMakeFiles/cmTC_c9996.dir/build
make[1] : on entre dans le répertoire « /fs03/share/users/aykel.cheniour/home/Bureau/ROB_MOB/catkin_ws/build/turtlebot_description_gazebo/CMakeFiles/CMakeTmp »
Building C object CMakeFiles/cmTC_c9996.dir/CheckFunctionExists.c.o
/usr/bin/cc   -DCHECK_FUNCTION_EXISTS=pthread_create   -o CMakeFiles/cmTC_c9996.dir/CheckFunctionExists.c.o   -c /usr/share/cmake-3.10/Modules/CheckFunctionExists.c
Linking C executable cmTC_c9996
/usr/bin/cmake -E cmake_link_script CMakeFiles/cmTC_c9996.dir/link.txt --verbose=1
/usr/bin/cc  -DCHECK_FUNCTION_EXISTS=pthread_create    -rdynamic CMakeFiles/cmTC_c9996.dir/CheckFunctionExists.c.o  -o cmTC_c9996 -lpthreads 
/usr/bin/ld : ne peut trouver -lpthreads
collect2: error: ld returned 1 exit status
CMakeFiles/cmTC_c9996.dir/build.make:97: recipe for target 'cmTC_c9996' failed
make[1]: *** [cmTC_c9996] Error 1
make[1] : on quitte le répertoire « /fs03/share/users/aykel.cheniour/home/Bureau/ROB_MOB/catkin_ws/build/turtlebot_description_gazebo/CMakeFiles/CMakeTmp »
Makefile:126: recipe for target 'cmTC_c9996/fast' failed
make: *** [cmTC_c9996/fast] Error 2


