Determining if the pthread_create exist failed with the following output:
Change Dir: /fs03/share/users/aykel.cheniour/home/Bureau/ROB_MOB/RobMob_TP_CHENIOUR_BURDET/build/local_planner_student/CMakeFiles/CMakeTmp

Run Build Command:"/usr/bin/make" "cmTC_89d5e/fast"
/usr/bin/make -f CMakeFiles/cmTC_89d5e.dir/build.make CMakeFiles/cmTC_89d5e.dir/build
make[1] : on entre dans le répertoire « /fs03/share/users/aykel.cheniour/home/Bureau/ROB_MOB/RobMob_TP_CHENIOUR_BURDET/build/local_planner_student/CMakeFiles/CMakeTmp »
Building C object CMakeFiles/cmTC_89d5e.dir/CheckSymbolExists.c.o
/usr/bin/cc    -o CMakeFiles/cmTC_89d5e.dir/CheckSymbolExists.c.o   -c /fs03/share/users/aykel.cheniour/home/Bureau/ROB_MOB/RobMob_TP_CHENIOUR_BURDET/build/local_planner_student/CMakeFiles/CMakeTmp/CheckSymbolExists.c
Linking C executable cmTC_89d5e
/usr/bin/cmake -E cmake_link_script CMakeFiles/cmTC_89d5e.dir/link.txt --verbose=1
/usr/bin/cc      -rdynamic CMakeFiles/cmTC_89d5e.dir/CheckSymbolExists.c.o  -o cmTC_89d5e 
CMakeFiles/cmTC_89d5e.dir/CheckSymbolExists.c.o : Dans la fonction « main » :
CheckSymbolExists.c:(.text+0x1b) : référence indéfinie vers « pthread_create »
collect2: error: ld returned 1 exit status
CMakeFiles/cmTC_89d5e.dir/build.make:97: recipe for target 'cmTC_89d5e' failed
make[1]: *** [cmTC_89d5e] Error 1
make[1] : on quitte le répertoire « /fs03/share/users/aykel.cheniour/home/Bureau/ROB_MOB/RobMob_TP_CHENIOUR_BURDET/build/local_planner_student/CMakeFiles/CMakeTmp »
Makefile:126: recipe for target 'cmTC_89d5e/fast' failed
make: *** [cmTC_89d5e/fast] Error 2

File /fs03/share/users/aykel.cheniour/home/Bureau/ROB_MOB/RobMob_TP_CHENIOUR_BURDET/build/local_planner_student/CMakeFiles/CMakeTmp/CheckSymbolExists.c:
/* */
#include <pthread.h>

int main(int argc, char** argv)
{
  (void)argv;
#ifndef pthread_create
  return ((int*)(&pthread_create))[argc];
#else
  (void)argc;
  return 0;
#endif
}

Determining if the function pthread_create exists in the pthreads failed with the following output:
Change Dir: /fs03/share/users/aykel.cheniour/home/Bureau/ROB_MOB/RobMob_TP_CHENIOUR_BURDET/build/local_planner_student/CMakeFiles/CMakeTmp

Run Build Command:"/usr/bin/make" "cmTC_488d8/fast"
/usr/bin/make -f CMakeFiles/cmTC_488d8.dir/build.make CMakeFiles/cmTC_488d8.dir/build
make[1] : on entre dans le répertoire « /fs03/share/users/aykel.cheniour/home/Bureau/ROB_MOB/RobMob_TP_CHENIOUR_BURDET/build/local_planner_student/CMakeFiles/CMakeTmp »
Building C object CMakeFiles/cmTC_488d8.dir/CheckFunctionExists.c.o
/usr/bin/cc   -DCHECK_FUNCTION_EXISTS=pthread_create   -o CMakeFiles/cmTC_488d8.dir/CheckFunctionExists.c.o   -c /usr/share/cmake-3.10/Modules/CheckFunctionExists.c
Linking C executable cmTC_488d8
/usr/bin/cmake -E cmake_link_script CMakeFiles/cmTC_488d8.dir/link.txt --verbose=1
/usr/bin/cc  -DCHECK_FUNCTION_EXISTS=pthread_create    -rdynamic CMakeFiles/cmTC_488d8.dir/CheckFunctionExists.c.o  -o cmTC_488d8 -lpthreads 
/usr/bin/ld : ne peut trouver -lpthreads
collect2: error: ld returned 1 exit status
CMakeFiles/cmTC_488d8.dir/build.make:97: recipe for target 'cmTC_488d8' failed
make[1]: *** [cmTC_488d8] Error 1
make[1] : on quitte le répertoire « /fs03/share/users/aykel.cheniour/home/Bureau/ROB_MOB/RobMob_TP_CHENIOUR_BURDET/build/local_planner_student/CMakeFiles/CMakeTmp »
Makefile:126: recipe for target 'cmTC_488d8/fast' failed
make: *** [cmTC_488d8/fast] Error 2


