[35m[1mScanning dependencies of target geometry_msgs_generate_messages_eus[0m
[35m[1mScanning dependencies of target _local_planner_student_generate_messages_check_deps_localGoal[0m
[  0%] Built target geometry_msgs_generate_messages_eus
[35m[1mScanning dependencies of target _local_planner_student_generate_messages_check_deps_goalMsg[0m
[  0%] Built target _local_planner_student_generate_messages_check_deps_localGoal
[35m[1mScanning dependencies of target std_msgs_generate_messages_eus[0m
[  0%] Built target _local_planner_student_generate_messages_check_deps_goalMsg
[  0%] Built target std_msgs_generate_messages_eus
[35m[1mScanning dependencies of target nav_msgs_generate_messages_eus[0m
[35m[1mScanning dependencies of target _local_planner_student_generate_messages_check_deps_Path[0m
[  0%] Built target nav_msgs_generate_messages_eus
[35m[1mScanning dependencies of target std_msgs_generate_messages_py[0m
[  0%] Built target _local_planner_student_generate_messages_check_deps_Path
[  0%] Built target std_msgs_generate_messages_py
[35m[1mScanning dependencies of target nav_msgs_generate_messages_py[0m
[35m[1mScanning dependencies of target geometry_msgs_generate_messages_py[0m
[  0%] Built target nav_msgs_generate_messages_py
[35m[1mScanning dependencies of target std_msgs_generate_messages_lisp[0m
[  0%] Built target geometry_msgs_generate_messages_py
[  0%] Built target std_msgs_generate_messages_lisp
[35m[1mScanning dependencies of target nav_msgs_generate_messages_lisp[0m
[35m[1mScanning dependencies of target geometry_msgs_generate_messages_lisp[0m
[  0%] Built target nav_msgs_generate_messages_lisp
[  0%] Built target geometry_msgs_generate_messages_lisp
[35m[1mScanning dependencies of target std_msgs_generate_messages_cpp[0m
[35m[1mScanning dependencies of target nav_msgs_generate_messages_cpp[0m
[  0%] Built target std_msgs_generate_messages_cpp
[  0%] Built target nav_msgs_generate_messages_cpp
[35m[1mScanning dependencies of target geometry_msgs_generate_messages_cpp[0m
[35m[1mScanning dependencies of target std_msgs_generate_messages_nodejs[0m
[  0%] Built target geometry_msgs_generate_messages_cpp
[  0%] Built target std_msgs_generate_messages_nodejs
[35m[1mScanning dependencies of target nav_msgs_generate_messages_nodejs[0m
[35m[1mScanning dependencies of target geometry_msgs_generate_messages_nodejs[0m
[  0%] Built target nav_msgs_generate_messages_nodejs
[  0%] Built target geometry_msgs_generate_messages_nodejs
[35m[1mScanning dependencies of target local_planner_student_generate_messages_eus[0m
[35m[1mScanning dependencies of target local_planner_student_generate_messages_py[0m
[  5%] [34m[1mGenerating EusLisp code from local_planner_student/goalMsg.msg[0m
[ 11%] [34m[1mGenerating Python from MSG local_planner_student/goalMsg[0m
[ 16%] [34m[1mGenerating EusLisp code from local_planner_student/localGoal.srv[0m
[ 22%] [34m[1mGenerating Python code from SRV local_planner_student/localGoal[0m
[ 27%] [34m[1mGenerating EusLisp code from local_planner_student/Path.srv[0m
[ 33%] [34m[1mGenerating EusLisp manifest code for local_planner_student[0m
[ 38%] [34m[1mGenerating Python code from SRV local_planner_student/Path[0m
[ 44%] [34m[1mGenerating Python msg __init__.py for local_planner_student[0m
[ 50%] [34m[1mGenerating Python srv __init__.py for local_planner_student[0m
[ 50%] Built target local_planner_student_generate_messages_py
[35m[1mScanning dependencies of target local_planner_student_generate_messages_lisp[0m
[ 55%] [34m[1mGenerating Lisp code from local_planner_student/goalMsg.msg[0m
[ 61%] [34m[1mGenerating Lisp code from local_planner_student/localGoal.srv[0m
[ 66%] [34m[1mGenerating Lisp code from local_planner_student/Path.srv[0m
[ 66%] Built target local_planner_student_generate_messages_lisp
[35m[1mScanning dependencies of target local_planner_student_generate_messages_cpp[0m
[ 72%] [34m[1mGenerating C++ code from local_planner_student/goalMsg.msg[0m
[ 77%] [34m[1mGenerating C++ code from local_planner_student/localGoal.srv[0m
[ 83%] [34m[1mGenerating C++ code from local_planner_student/Path.srv[0m
[ 83%] Built target local_planner_student_generate_messages_eus
[35m[1mScanning dependencies of target local_planner_student_generate_messages_nodejs[0m
[ 88%] [34m[1mGenerating Javascript code from local_planner_student/goalMsg.msg[0m
[ 94%] [34m[1mGenerating Javascript code from local_planner_student/localGoal.srv[0m
[100%] [34m[1mGenerating Javascript code from local_planner_student/Path.srv[0m
[100%] Built target local_planner_student_generate_messages_nodejs
[100%] Built target local_planner_student_generate_messages_cpp
[35m[1mScanning dependencies of target local_planner_student_generate_messages[0m
[100%] Built target local_planner_student_generate_messages
