[  0%] Built target geometry_msgs_generate_messages_eus
[  0%] Built target _local_planner_student_generate_messages_check_deps_localGoal
[  0%] Built target _local_planner_student_generate_messages_check_deps_goalMsg
[  0%] Built target std_msgs_generate_messages_eus
[  0%] Built target nav_msgs_generate_messages_eus
[  0%] Built target _local_planner_student_generate_messages_check_deps_Path
[  0%] Built target std_msgs_generate_messages_py
[  0%] Built target nav_msgs_generate_messages_py
[  0%] Built target geometry_msgs_generate_messages_py
[  0%] Built target std_msgs_generate_messages_lisp
[  0%] Built target nav_msgs_generate_messages_lisp
[  0%] Built target geometry_msgs_generate_messages_lisp
[  0%] Built target std_msgs_generate_messages_cpp
[  0%] Built target nav_msgs_generate_messages_cpp
[  0%] Built target geometry_msgs_generate_messages_cpp
[  0%] Built target std_msgs_generate_messages_nodejs
[  0%] Built target nav_msgs_generate_messages_nodejs
[  0%] Built target geometry_msgs_generate_messages_nodejs
[ 22%] Built target local_planner_student_generate_messages_eus
[ 55%] Built target local_planner_student_generate_messages_lisp
[ 66%] Built target local_planner_student_generate_messages_py
[ 83%] Built target local_planner_student_generate_messages_cpp
[100%] Built target local_planner_student_generate_messages_nodejs
[100%] Built target local_planner_student_generate_messages
