Linked: (/fs03/share/users/aykel.cheniour/home/Bureau/ROB_MOB/catkin_ws/devel/.private/local_planner_student/lib/python2.7/dist-packages/local_planner_student/__init__.py, /fs03/share/users/aykel.cheniour/home/Bureau/ROB_MOB/catkin_ws/devel/lib/python2.7/dist-packages/local_planner_student/__init__.py)
Linked: (/fs03/share/users/aykel.cheniour/home/Bureau/ROB_MOB/catkin_ws/devel/.private/local_planner_student/lib/python2.7/dist-packages/local_planner_student/srv/_localGoal.py, /fs03/share/users/aykel.cheniour/home/Bureau/ROB_MOB/catkin_ws/devel/lib/python2.7/dist-packages/local_planner_student/srv/_localGoal.py)
Linked: (/fs03/share/users/aykel.cheniour/home/Bureau/ROB_MOB/catkin_ws/devel/.private/local_planner_student/lib/python2.7/dist-packages/local_planner_student/srv/__init__.py, /fs03/share/users/aykel.cheniour/home/Bureau/ROB_MOB/catkin_ws/devel/lib/python2.7/dist-packages/local_planner_student/srv/__init__.py)
Linked: (/fs03/share/users/aykel.cheniour/home/Bureau/ROB_MOB/catkin_ws/devel/.private/local_planner_student/lib/python2.7/dist-packages/local_planner_student/srv/_Path.py, /fs03/share/users/aykel.cheniour/home/Bureau/ROB_MOB/catkin_ws/devel/lib/python2.7/dist-packages/local_planner_student/srv/_Path.py)
Linked: (/fs03/share/users/aykel.cheniour/home/Bureau/ROB_MOB/catkin_ws/devel/.private/local_planner_student/lib/python2.7/dist-packages/local_planner_student/msg/__init__.py, /fs03/share/users/aykel.cheniour/home/Bureau/ROB_MOB/catkin_ws/devel/lib/python2.7/dist-packages/local_planner_student/msg/__init__.py)
Linked: (/fs03/share/users/aykel.cheniour/home/Bureau/ROB_MOB/catkin_ws/devel/.private/local_planner_student/lib/python2.7/dist-packages/local_planner_student/msg/_goalMsg.py, /fs03/share/users/aykel.cheniour/home/Bureau/ROB_MOB/catkin_ws/devel/lib/python2.7/dist-packages/local_planner_student/msg/_goalMsg.py)
Linked: (/fs03/share/users/aykel.cheniour/home/Bureau/ROB_MOB/catkin_ws/devel/.private/local_planner_student/share/gennodejs/ros/local_planner_student/_index.js, /fs03/share/users/aykel.cheniour/home/Bureau/ROB_MOB/catkin_ws/devel/share/gennodejs/ros/local_planner_student/_index.js)
Linked: (/fs03/share/users/aykel.cheniour/home/Bureau/ROB_MOB/catkin_ws/devel/.private/local_planner_student/share/gennodejs/ros/local_planner_student/srv/localGoal.js, /fs03/share/users/aykel.cheniour/home/Bureau/ROB_MOB/catkin_ws/devel/share/gennodejs/ros/local_planner_student/srv/localGoal.js)
Linked: (/fs03/share/users/aykel.cheniour/home/Bureau/ROB_MOB/catkin_ws/devel/.private/local_planner_student/share/gennodejs/ros/local_planner_student/srv/_index.js, /fs03/share/users/aykel.cheniour/home/Bureau/ROB_MOB/catkin_ws/devel/share/gennodejs/ros/local_planner_student/srv/_index.js)
Linked: (/fs03/share/users/aykel.cheniour/home/Bureau/ROB_MOB/catkin_ws/devel/.private/local_planner_student/share/gennodejs/ros/local_planner_student/srv/Path.js, /fs03/share/users/aykel.cheniour/home/Bureau/ROB_MOB/catkin_ws/devel/share/gennodejs/ros/local_planner_student/srv/Path.js)
Linked: (/fs03/share/users/aykel.cheniour/home/Bureau/ROB_MOB/catkin_ws/devel/.private/local_planner_student/share/gennodejs/ros/local_planner_student/msg/goalMsg.js, /fs03/share/users/aykel.cheniour/home/Bureau/ROB_MOB/catkin_ws/devel/share/gennodejs/ros/local_planner_student/msg/goalMsg.js)
Linked: (/fs03/share/users/aykel.cheniour/home/Bureau/ROB_MOB/catkin_ws/devel/.private/local_planner_student/share/gennodejs/ros/local_planner_student/msg/_index.js, /fs03/share/users/aykel.cheniour/home/Bureau/ROB_MOB/catkin_ws/devel/share/gennodejs/ros/local_planner_student/msg/_index.js)
Linked: (/fs03/share/users/aykel.cheniour/home/Bureau/ROB_MOB/catkin_ws/devel/.private/local_planner_student/share/roseus/ros/local_planner_student/manifest.l, /fs03/share/users/aykel.cheniour/home/Bureau/ROB_MOB/catkin_ws/devel/share/roseus/ros/local_planner_student/manifest.l)
Linked: (/fs03/share/users/aykel.cheniour/home/Bureau/ROB_MOB/catkin_ws/devel/.private/local_planner_student/share/roseus/ros/local_planner_student/srv/Path.l, /fs03/share/users/aykel.cheniour/home/Bureau/ROB_MOB/catkin_ws/devel/share/roseus/ros/local_planner_student/srv/Path.l)
Linked: (/fs03/share/users/aykel.cheniour/home/Bureau/ROB_MOB/catkin_ws/devel/.private/local_planner_student/share/roseus/ros/local_planner_student/srv/localGoal.l, /fs03/share/users/aykel.cheniour/home/Bureau/ROB_MOB/catkin_ws/devel/share/roseus/ros/local_planner_student/srv/localGoal.l)
Linked: (/fs03/share/users/aykel.cheniour/home/Bureau/ROB_MOB/catkin_ws/devel/.private/local_planner_student/share/roseus/ros/local_planner_student/msg/goalMsg.l, /fs03/share/users/aykel.cheniour/home/Bureau/ROB_MOB/catkin_ws/devel/share/roseus/ros/local_planner_student/msg/goalMsg.l)
Linked: (/fs03/share/users/aykel.cheniour/home/Bureau/ROB_MOB/catkin_ws/devel/.private/local_planner_student/share/common-lisp/ros/local_planner_student/srv/local_planner_student-srv.asd, /fs03/share/users/aykel.cheniour/home/Bureau/ROB_MOB/catkin_ws/devel/share/common-lisp/ros/local_planner_student/srv/local_planner_student-srv.asd)
Linked: (/fs03/share/users/aykel.cheniour/home/Bureau/ROB_MOB/catkin_ws/devel/.private/local_planner_student/share/common-lisp/ros/local_planner_student/srv/_package_localGoal.lisp, /fs03/share/users/aykel.cheniour/home/Bureau/ROB_MOB/catkin_ws/devel/share/common-lisp/ros/local_planner_student/srv/_package_localGoal.lisp)
Linked: (/fs03/share/users/aykel.cheniour/home/Bureau/ROB_MOB/catkin_ws/devel/.private/local_planner_student/share/common-lisp/ros/local_planner_student/srv/_package_Path.lisp, /fs03/share/users/aykel.cheniour/home/Bureau/ROB_MOB/catkin_ws/devel/share/common-lisp/ros/local_planner_student/srv/_package_Path.lisp)
Linked: (/fs03/share/users/aykel.cheniour/home/Bureau/ROB_MOB/catkin_ws/devel/.private/local_planner_student/share/common-lisp/ros/local_planner_student/srv/Path.lisp, /fs03/share/users/aykel.cheniour/home/Bureau/ROB_MOB/catkin_ws/devel/share/common-lisp/ros/local_planner_student/srv/Path.lisp)
Linked: (/fs03/share/users/aykel.cheniour/home/Bureau/ROB_MOB/catkin_ws/devel/.private/local_planner_student/share/common-lisp/ros/local_planner_student/srv/localGoal.lisp, /fs03/share/users/aykel.cheniour/home/Bureau/ROB_MOB/catkin_ws/devel/share/common-lisp/ros/local_planner_student/srv/localGoal.lisp)
Linked: (/fs03/share/users/aykel.cheniour/home/Bureau/ROB_MOB/catkin_ws/devel/.private/local_planner_student/share/common-lisp/ros/local_planner_student/srv/_package.lisp, /fs03/share/users/aykel.cheniour/home/Bureau/ROB_MOB/catkin_ws/devel/share/common-lisp/ros/local_planner_student/srv/_package.lisp)
Linked: (/fs03/share/users/aykel.cheniour/home/Bureau/ROB_MOB/catkin_ws/devel/.private/local_planner_student/share/common-lisp/ros/local_planner_student/msg/_package_goalMsg.lisp, /fs03/share/users/aykel.cheniour/home/Bureau/ROB_MOB/catkin_ws/devel/share/common-lisp/ros/local_planner_student/msg/_package_goalMsg.lisp)
Linked: (/fs03/share/users/aykel.cheniour/home/Bureau/ROB_MOB/catkin_ws/devel/.private/local_planner_student/share/common-lisp/ros/local_planner_student/msg/local_planner_student-msg.asd, /fs03/share/users/aykel.cheniour/home/Bureau/ROB_MOB/catkin_ws/devel/share/common-lisp/ros/local_planner_student/msg/local_planner_student-msg.asd)
Linked: (/fs03/share/users/aykel.cheniour/home/Bureau/ROB_MOB/catkin_ws/devel/.private/local_planner_student/share/common-lisp/ros/local_planner_student/msg/goalMsg.lisp, /fs03/share/users/aykel.cheniour/home/Bureau/ROB_MOB/catkin_ws/devel/share/common-lisp/ros/local_planner_student/msg/goalMsg.lisp)
Linked: (/fs03/share/users/aykel.cheniour/home/Bureau/ROB_MOB/catkin_ws/devel/.private/local_planner_student/share/common-lisp/ros/local_planner_student/msg/_package.lisp, /fs03/share/users/aykel.cheniour/home/Bureau/ROB_MOB/catkin_ws/devel/share/common-lisp/ros/local_planner_student/msg/_package.lisp)
Linked: (/fs03/share/users/aykel.cheniour/home/Bureau/ROB_MOB/catkin_ws/devel/.private/local_planner_student/share/local_planner_student/cmake/local_planner_student-msg-paths.cmake, /fs03/share/users/aykel.cheniour/home/Bureau/ROB_MOB/catkin_ws/devel/share/local_planner_student/cmake/local_planner_student-msg-paths.cmake)
Linked: (/fs03/share/users/aykel.cheniour/home/Bureau/ROB_MOB/catkin_ws/devel/.private/local_planner_student/include/local_planner_student/PathResponse.h, /fs03/share/users/aykel.cheniour/home/Bureau/ROB_MOB/catkin_ws/devel/include/local_planner_student/PathResponse.h)
Linked: (/fs03/share/users/aykel.cheniour/home/Bureau/ROB_MOB/catkin_ws/devel/.private/local_planner_student/include/local_planner_student/PathRequest.h, /fs03/share/users/aykel.cheniour/home/Bureau/ROB_MOB/catkin_ws/devel/include/local_planner_student/PathRequest.h)
Linked: (/fs03/share/users/aykel.cheniour/home/Bureau/ROB_MOB/catkin_ws/devel/.private/local_planner_student/include/local_planner_student/localGoal.h, /fs03/share/users/aykel.cheniour/home/Bureau/ROB_MOB/catkin_ws/devel/include/local_planner_student/localGoal.h)
Linked: (/fs03/share/users/aykel.cheniour/home/Bureau/ROB_MOB/catkin_ws/devel/.private/local_planner_student/include/local_planner_student/localGoalRequest.h, /fs03/share/users/aykel.cheniour/home/Bureau/ROB_MOB/catkin_ws/devel/include/local_planner_student/localGoalRequest.h)
Linked: (/fs03/share/users/aykel.cheniour/home/Bureau/ROB_MOB/catkin_ws/devel/.private/local_planner_student/include/local_planner_student/Path.h, /fs03/share/users/aykel.cheniour/home/Bureau/ROB_MOB/catkin_ws/devel/include/local_planner_student/Path.h)
Linked: (/fs03/share/users/aykel.cheniour/home/Bureau/ROB_MOB/catkin_ws/devel/.private/local_planner_student/include/local_planner_student/localGoalResponse.h, /fs03/share/users/aykel.cheniour/home/Bureau/ROB_MOB/catkin_ws/devel/include/local_planner_student/localGoalResponse.h)
Linked: (/fs03/share/users/aykel.cheniour/home/Bureau/ROB_MOB/catkin_ws/devel/.private/local_planner_student/include/local_planner_student/goalMsg.h, /fs03/share/users/aykel.cheniour/home/Bureau/ROB_MOB/catkin_ws/devel/include/local_planner_student/goalMsg.h)
