Symlinking /fs03/share/users/aykel.cheniour/home/Bureau/ROB_MOB/RobMob_TP_CHENIOUR_BURDET/devel/lib/python2.7/dist-packages/local_planner_student/__init__.py
Symlinking /fs03/share/users/aykel.cheniour/home/Bureau/ROB_MOB/RobMob_TP_CHENIOUR_BURDET/devel/lib/python2.7/dist-packages/local_planner_student/srv/_localGoal.py
Symlinking /fs03/share/users/aykel.cheniour/home/Bureau/ROB_MOB/RobMob_TP_CHENIOUR_BURDET/devel/lib/python2.7/dist-packages/local_planner_student/srv/__init__.py
Symlinking /fs03/share/users/aykel.cheniour/home/Bureau/ROB_MOB/RobMob_TP_CHENIOUR_BURDET/devel/lib/python2.7/dist-packages/local_planner_student/srv/_Path.py
Symlinking /fs03/share/users/aykel.cheniour/home/Bureau/ROB_MOB/RobMob_TP_CHENIOUR_BURDET/devel/lib/python2.7/dist-packages/local_planner_student/msg/__init__.py
Symlinking /fs03/share/users/aykel.cheniour/home/Bureau/ROB_MOB/RobMob_TP_CHENIOUR_BURDET/devel/lib/python2.7/dist-packages/local_planner_student/msg/_goalMsg.py
Symlinking /fs03/share/users/aykel.cheniour/home/Bureau/ROB_MOB/RobMob_TP_CHENIOUR_BURDET/devel/share/gennodejs/ros/local_planner_student/_index.js
Symlinking /fs03/share/users/aykel.cheniour/home/Bureau/ROB_MOB/RobMob_TP_CHENIOUR_BURDET/devel/share/gennodejs/ros/local_planner_student/srv/localGoal.js
Symlinking /fs03/share/users/aykel.cheniour/home/Bureau/ROB_MOB/RobMob_TP_CHENIOUR_BURDET/devel/share/gennodejs/ros/local_planner_student/srv/_index.js
Symlinking /fs03/share/users/aykel.cheniour/home/Bureau/ROB_MOB/RobMob_TP_CHENIOUR_BURDET/devel/share/gennodejs/ros/local_planner_student/srv/Path.js
Symlinking /fs03/share/users/aykel.cheniour/home/Bureau/ROB_MOB/RobMob_TP_CHENIOUR_BURDET/devel/share/gennodejs/ros/local_planner_student/msg/goalMsg.js
Symlinking /fs03/share/users/aykel.cheniour/home/Bureau/ROB_MOB/RobMob_TP_CHENIOUR_BURDET/devel/share/gennodejs/ros/local_planner_student/msg/_index.js
Symlinking /fs03/share/users/aykel.cheniour/home/Bureau/ROB_MOB/RobMob_TP_CHENIOUR_BURDET/devel/share/roseus/ros/local_planner_student/manifest.l
Symlinking /fs03/share/users/aykel.cheniour/home/Bureau/ROB_MOB/RobMob_TP_CHENIOUR_BURDET/devel/share/roseus/ros/local_planner_student/srv/Path.l
Symlinking /fs03/share/users/aykel.cheniour/home/Bureau/ROB_MOB/RobMob_TP_CHENIOUR_BURDET/devel/share/roseus/ros/local_planner_student/srv/localGoal.l
Symlinking /fs03/share/users/aykel.cheniour/home/Bureau/ROB_MOB/RobMob_TP_CHENIOUR_BURDET/devel/share/roseus/ros/local_planner_student/msg/goalMsg.l
Symlinking /fs03/share/users/aykel.cheniour/home/Bureau/ROB_MOB/RobMob_TP_CHENIOUR_BURDET/devel/share/common-lisp/ros/local_planner_student/srv/local_planner_student-srv.asd
Symlinking /fs03/share/users/aykel.cheniour/home/Bureau/ROB_MOB/RobMob_TP_CHENIOUR_BURDET/devel/share/common-lisp/ros/local_planner_student/srv/_package_localGoal.lisp
Symlinking /fs03/share/users/aykel.cheniour/home/Bureau/ROB_MOB/RobMob_TP_CHENIOUR_BURDET/devel/share/common-lisp/ros/local_planner_student/srv/_package_Path.lisp
Symlinking /fs03/share/users/aykel.cheniour/home/Bureau/ROB_MOB/RobMob_TP_CHENIOUR_BURDET/devel/share/common-lisp/ros/local_planner_student/srv/Path.lisp
Symlinking /fs03/share/users/aykel.cheniour/home/Bureau/ROB_MOB/RobMob_TP_CHENIOUR_BURDET/devel/share/common-lisp/ros/local_planner_student/srv/localGoal.lisp
Symlinking /fs03/share/users/aykel.cheniour/home/Bureau/ROB_MOB/RobMob_TP_CHENIOUR_BURDET/devel/share/common-lisp/ros/local_planner_student/srv/_package.lisp
Symlinking /fs03/share/users/aykel.cheniour/home/Bureau/ROB_MOB/RobMob_TP_CHENIOUR_BURDET/devel/share/common-lisp/ros/local_planner_student/msg/_package_goalMsg.lisp
Symlinking /fs03/share/users/aykel.cheniour/home/Bureau/ROB_MOB/RobMob_TP_CHENIOUR_BURDET/devel/share/common-lisp/ros/local_planner_student/msg/local_planner_student-msg.asd
Symlinking /fs03/share/users/aykel.cheniour/home/Bureau/ROB_MOB/RobMob_TP_CHENIOUR_BURDET/devel/share/common-lisp/ros/local_planner_student/msg/goalMsg.lisp
Symlinking /fs03/share/users/aykel.cheniour/home/Bureau/ROB_MOB/RobMob_TP_CHENIOUR_BURDET/devel/share/common-lisp/ros/local_planner_student/msg/_package.lisp
Symlinking /fs03/share/users/aykel.cheniour/home/Bureau/ROB_MOB/RobMob_TP_CHENIOUR_BURDET/devel/share/local_planner_student/cmake/local_planner_student-msg-paths.cmake
Symlinking /fs03/share/users/aykel.cheniour/home/Bureau/ROB_MOB/RobMob_TP_CHENIOUR_BURDET/devel/include/local_planner_student/PathResponse.h
Symlinking /fs03/share/users/aykel.cheniour/home/Bureau/ROB_MOB/RobMob_TP_CHENIOUR_BURDET/devel/include/local_planner_student/PathRequest.h
Symlinking /fs03/share/users/aykel.cheniour/home/Bureau/ROB_MOB/RobMob_TP_CHENIOUR_BURDET/devel/include/local_planner_student/localGoal.h
Symlinking /fs03/share/users/aykel.cheniour/home/Bureau/ROB_MOB/RobMob_TP_CHENIOUR_BURDET/devel/include/local_planner_student/localGoalRequest.h
Symlinking /fs03/share/users/aykel.cheniour/home/Bureau/ROB_MOB/RobMob_TP_CHENIOUR_BURDET/devel/include/local_planner_student/Path.h
Symlinking /fs03/share/users/aykel.cheniour/home/Bureau/ROB_MOB/RobMob_TP_CHENIOUR_BURDET/devel/include/local_planner_student/localGoalResponse.h
Symlinking /fs03/share/users/aykel.cheniour/home/Bureau/ROB_MOB/RobMob_TP_CHENIOUR_BURDET/devel/include/local_planner_student/goalMsg.h
Cleaning: (/fs03/share/users/aykel.cheniour/home/Bureau/ROB_MOB/catkin_ws/devel/.private/local_planner_student/cmake.lock, /fs03/share/users/aykel.cheniour/home/Bureau/ROB_MOB/catkin_ws/devel/./cmake.lock)
Cleaning: (/fs03/share/users/aykel.cheniour/home/Bureau/ROB_MOB/catkin_ws/devel/.private/local_planner_student/lib/python2.7/dist-packages/local_planner_student/__init__.py, /fs03/share/users/aykel.cheniour/home/Bureau/ROB_MOB/catkin_ws/devel/lib/python2.7/dist-packages/local_planner_student/__init__.py)
Cleaning: (/fs03/share/users/aykel.cheniour/home/Bureau/ROB_MOB/catkin_ws/devel/.private/local_planner_student/lib/python2.7/dist-packages/local_planner_student/srv/_localGoal.py, /fs03/share/users/aykel.cheniour/home/Bureau/ROB_MOB/catkin_ws/devel/lib/python2.7/dist-packages/local_planner_student/srv/_localGoal.py)
Cleaning: (/fs03/share/users/aykel.cheniour/home/Bureau/ROB_MOB/catkin_ws/devel/.private/local_planner_student/lib/python2.7/dist-packages/local_planner_student/srv/__init__.py, /fs03/share/users/aykel.cheniour/home/Bureau/ROB_MOB/catkin_ws/devel/lib/python2.7/dist-packages/local_planner_student/srv/__init__.py)
Cleaning: (/fs03/share/users/aykel.cheniour/home/Bureau/ROB_MOB/catkin_ws/devel/.private/local_planner_student/lib/python2.7/dist-packages/local_planner_student/srv/_Path.py, /fs03/share/users/aykel.cheniour/home/Bureau/ROB_MOB/catkin_ws/devel/lib/python2.7/dist-packages/local_planner_student/srv/_Path.py)
Cleaning: (/fs03/share/users/aykel.cheniour/home/Bureau/ROB_MOB/catkin_ws/devel/.private/local_planner_student/lib/python2.7/dist-packages/local_planner_student/msg/__init__.py, /fs03/share/users/aykel.cheniour/home/Bureau/ROB_MOB/catkin_ws/devel/lib/python2.7/dist-packages/local_planner_student/msg/__init__.py)
Cleaning: (/fs03/share/users/aykel.cheniour/home/Bureau/ROB_MOB/catkin_ws/devel/.private/local_planner_student/lib/python2.7/dist-packages/local_planner_student/msg/_goalMsg.py, /fs03/share/users/aykel.cheniour/home/Bureau/ROB_MOB/catkin_ws/devel/lib/python2.7/dist-packages/local_planner_student/msg/_goalMsg.py)
Cleaning: (/fs03/share/users/aykel.cheniour/home/Bureau/ROB_MOB/catkin_ws/devel/.private/local_planner_student/share/gennodejs/ros/local_planner_student/_index.js, /fs03/share/users/aykel.cheniour/home/Bureau/ROB_MOB/catkin_ws/devel/share/gennodejs/ros/local_planner_student/_index.js)
Cleaning: (/fs03/share/users/aykel.cheniour/home/Bureau/ROB_MOB/catkin_ws/devel/.private/local_planner_student/share/gennodejs/ros/local_planner_student/srv/localGoal.js, /fs03/share/users/aykel.cheniour/home/Bureau/ROB_MOB/catkin_ws/devel/share/gennodejs/ros/local_planner_student/srv/localGoal.js)
Cleaning: (/fs03/share/users/aykel.cheniour/home/Bureau/ROB_MOB/catkin_ws/devel/.private/local_planner_student/share/gennodejs/ros/local_planner_student/srv/_index.js, /fs03/share/users/aykel.cheniour/home/Bureau/ROB_MOB/catkin_ws/devel/share/gennodejs/ros/local_planner_student/srv/_index.js)
Cleaning: (/fs03/share/users/aykel.cheniour/home/Bureau/ROB_MOB/catkin_ws/devel/.private/local_planner_student/share/gennodejs/ros/local_planner_student/srv/Path.js, /fs03/share/users/aykel.cheniour/home/Bureau/ROB_MOB/catkin_ws/devel/share/gennodejs/ros/local_planner_student/srv/Path.js)
Cleaning: (/fs03/share/users/aykel.cheniour/home/Bureau/ROB_MOB/catkin_ws/devel/.private/local_planner_student/share/gennodejs/ros/local_planner_student/msg/goalMsg.js, /fs03/share/users/aykel.cheniour/home/Bureau/ROB_MOB/catkin_ws/devel/share/gennodejs/ros/local_planner_student/msg/goalMsg.js)
Cleaning: (/fs03/share/users/aykel.cheniour/home/Bureau/ROB_MOB/catkin_ws/devel/.private/local_planner_student/share/gennodejs/ros/local_planner_student/msg/_index.js, /fs03/share/users/aykel.cheniour/home/Bureau/ROB_MOB/catkin_ws/devel/share/gennodejs/ros/local_planner_student/msg/_index.js)
Cleaning: (/fs03/share/users/aykel.cheniour/home/Bureau/ROB_MOB/catkin_ws/devel/.private/local_planner_student/share/roseus/ros/local_planner_student/manifest.l, /fs03/share/users/aykel.cheniour/home/Bureau/ROB_MOB/catkin_ws/devel/share/roseus/ros/local_planner_student/manifest.l)
Cleaning: (/fs03/share/users/aykel.cheniour/home/Bureau/ROB_MOB/catkin_ws/devel/.private/local_planner_student/share/roseus/ros/local_planner_student/srv/Path.l, /fs03/share/users/aykel.cheniour/home/Bureau/ROB_MOB/catkin_ws/devel/share/roseus/ros/local_planner_student/srv/Path.l)
Cleaning: (/fs03/share/users/aykel.cheniour/home/Bureau/ROB_MOB/catkin_ws/devel/.private/local_planner_student/share/roseus/ros/local_planner_student/srv/localGoal.l, /fs03/share/users/aykel.cheniour/home/Bureau/ROB_MOB/catkin_ws/devel/share/roseus/ros/local_planner_student/srv/localGoal.l)
Cleaning: (/fs03/share/users/aykel.cheniour/home/Bureau/ROB_MOB/catkin_ws/devel/.private/local_planner_student/share/roseus/ros/local_planner_student/msg/goalMsg.l, /fs03/share/users/aykel.cheniour/home/Bureau/ROB_MOB/catkin_ws/devel/share/roseus/ros/local_planner_student/msg/goalMsg.l)
Cleaning: (/fs03/share/users/aykel.cheniour/home/Bureau/ROB_MOB/catkin_ws/devel/.private/local_planner_student/share/common-lisp/ros/local_planner_student/srv/local_planner_student-srv.asd, /fs03/share/users/aykel.cheniour/home/Bureau/ROB_MOB/catkin_ws/devel/share/common-lisp/ros/local_planner_student/srv/local_planner_student-srv.asd)
Cleaning: (/fs03/share/users/aykel.cheniour/home/Bureau/ROB_MOB/catkin_ws/devel/.private/local_planner_student/share/common-lisp/ros/local_planner_student/srv/_package_localGoal.lisp, /fs03/share/users/aykel.cheniour/home/Bureau/ROB_MOB/catkin_ws/devel/share/common-lisp/ros/local_planner_student/srv/_package_localGoal.lisp)
Cleaning: (/fs03/share/users/aykel.cheniour/home/Bureau/ROB_MOB/catkin_ws/devel/.private/local_planner_student/share/common-lisp/ros/local_planner_student/srv/_package_Path.lisp, /fs03/share/users/aykel.cheniour/home/Bureau/ROB_MOB/catkin_ws/devel/share/common-lisp/ros/local_planner_student/srv/_package_Path.lisp)
Cleaning: (/fs03/share/users/aykel.cheniour/home/Bureau/ROB_MOB/catkin_ws/devel/.private/local_planner_student/share/common-lisp/ros/local_planner_student/srv/Path.lisp, /fs03/share/users/aykel.cheniour/home/Bureau/ROB_MOB/catkin_ws/devel/share/common-lisp/ros/local_planner_student/srv/Path.lisp)
Cleaning: (/fs03/share/users/aykel.cheniour/home/Bureau/ROB_MOB/catkin_ws/devel/.private/local_planner_student/share/common-lisp/ros/local_planner_student/srv/localGoal.lisp, /fs03/share/users/aykel.cheniour/home/Bureau/ROB_MOB/catkin_ws/devel/share/common-lisp/ros/local_planner_student/srv/localGoal.lisp)
Cleaning: (/fs03/share/users/aykel.cheniour/home/Bureau/ROB_MOB/catkin_ws/devel/.private/local_planner_student/share/common-lisp/ros/local_planner_student/srv/_package.lisp, /fs03/share/users/aykel.cheniour/home/Bureau/ROB_MOB/catkin_ws/devel/share/common-lisp/ros/local_planner_student/srv/_package.lisp)
Cleaning: (/fs03/share/users/aykel.cheniour/home/Bureau/ROB_MOB/catkin_ws/devel/.private/local_planner_student/share/common-lisp/ros/local_planner_student/msg/_package_goalMsg.lisp, /fs03/share/users/aykel.cheniour/home/Bureau/ROB_MOB/catkin_ws/devel/share/common-lisp/ros/local_planner_student/msg/_package_goalMsg.lisp)
Cleaning: (/fs03/share/users/aykel.cheniour/home/Bureau/ROB_MOB/catkin_ws/devel/.private/local_planner_student/share/common-lisp/ros/local_planner_student/msg/local_planner_student-msg.asd, /fs03/share/users/aykel.cheniour/home/Bureau/ROB_MOB/catkin_ws/devel/share/common-lisp/ros/local_planner_student/msg/local_planner_student-msg.asd)
Cleaning: (/fs03/share/users/aykel.cheniour/home/Bureau/ROB_MOB/catkin_ws/devel/.private/local_planner_student/share/common-lisp/ros/local_planner_student/msg/goalMsg.lisp, /fs03/share/users/aykel.cheniour/home/Bureau/ROB_MOB/catkin_ws/devel/share/common-lisp/ros/local_planner_student/msg/goalMsg.lisp)
Cleaning: (/fs03/share/users/aykel.cheniour/home/Bureau/ROB_MOB/catkin_ws/devel/.private/local_planner_student/share/common-lisp/ros/local_planner_student/msg/_package.lisp, /fs03/share/users/aykel.cheniour/home/Bureau/ROB_MOB/catkin_ws/devel/share/common-lisp/ros/local_planner_student/msg/_package.lisp)
Cleaning: (/fs03/share/users/aykel.cheniour/home/Bureau/ROB_MOB/catkin_ws/devel/.private/local_planner_student/share/local_planner_student/cmake/local_planner_student-msg-paths.cmake, /fs03/share/users/aykel.cheniour/home/Bureau/ROB_MOB/catkin_ws/devel/share/local_planner_student/cmake/local_planner_student-msg-paths.cmake)
Cleaning: (/fs03/share/users/aykel.cheniour/home/Bureau/ROB_MOB/catkin_ws/devel/.private/local_planner_student/include/local_planner_student/PathResponse.h, /fs03/share/users/aykel.cheniour/home/Bureau/ROB_MOB/catkin_ws/devel/include/local_planner_student/PathResponse.h)
Cleaning: (/fs03/share/users/aykel.cheniour/home/Bureau/ROB_MOB/catkin_ws/devel/.private/local_planner_student/include/local_planner_student/PathRequest.h, /fs03/share/users/aykel.cheniour/home/Bureau/ROB_MOB/catkin_ws/devel/include/local_planner_student/PathRequest.h)
Cleaning: (/fs03/share/users/aykel.cheniour/home/Bureau/ROB_MOB/catkin_ws/devel/.private/local_planner_student/include/local_planner_student/localGoal.h, /fs03/share/users/aykel.cheniour/home/Bureau/ROB_MOB/catkin_ws/devel/include/local_planner_student/localGoal.h)
Cleaning: (/fs03/share/users/aykel.cheniour/home/Bureau/ROB_MOB/catkin_ws/devel/.private/local_planner_student/include/local_planner_student/localGoalRequest.h, /fs03/share/users/aykel.cheniour/home/Bureau/ROB_MOB/catkin_ws/devel/include/local_planner_student/localGoalRequest.h)
Cleaning: (/fs03/share/users/aykel.cheniour/home/Bureau/ROB_MOB/catkin_ws/devel/.private/local_planner_student/include/local_planner_student/Path.h, /fs03/share/users/aykel.cheniour/home/Bureau/ROB_MOB/catkin_ws/devel/include/local_planner_student/Path.h)
Cleaning: (/fs03/share/users/aykel.cheniour/home/Bureau/ROB_MOB/catkin_ws/devel/.private/local_planner_student/include/local_planner_student/localGoalResponse.h, /fs03/share/users/aykel.cheniour/home/Bureau/ROB_MOB/catkin_ws/devel/include/local_planner_student/localGoalResponse.h)
Cleaning: (/fs03/share/users/aykel.cheniour/home/Bureau/ROB_MOB/catkin_ws/devel/.private/local_planner_student/include/local_planner_student/goalMsg.h, /fs03/share/users/aykel.cheniour/home/Bureau/ROB_MOB/catkin_ws/devel/include/local_planner_student/goalMsg.h)
Unlinking: /fs03/share/users/aykel.cheniour/home/Bureau/ROB_MOB/catkin_ws/devel/lib/python2.7/dist-packages/local_planner_student/__init__.py
Already unlinked: {}
Unlinking: /fs03/share/users/aykel.cheniour/home/Bureau/ROB_MOB/catkin_ws/devel/lib/python2.7/dist-packages/local_planner_student/srv/_localGoal.py
Already unlinked: {}
Unlinking: /fs03/share/users/aykel.cheniour/home/Bureau/ROB_MOB/catkin_ws/devel/lib/python2.7/dist-packages/local_planner_student/srv/__init__.py
Already unlinked: {}
Unlinking: /fs03/share/users/aykel.cheniour/home/Bureau/ROB_MOB/catkin_ws/devel/lib/python2.7/dist-packages/local_planner_student/srv/_Path.py
Already unlinked: {}
Unlinking: /fs03/share/users/aykel.cheniour/home/Bureau/ROB_MOB/catkin_ws/devel/lib/python2.7/dist-packages/local_planner_student/msg/__init__.py
Already unlinked: {}
Unlinking: /fs03/share/users/aykel.cheniour/home/Bureau/ROB_MOB/catkin_ws/devel/lib/python2.7/dist-packages/local_planner_student/msg/_goalMsg.py
Already unlinked: {}
Unlinking: /fs03/share/users/aykel.cheniour/home/Bureau/ROB_MOB/catkin_ws/devel/share/gennodejs/ros/local_planner_student/_index.js
Already unlinked: {}
Unlinking: /fs03/share/users/aykel.cheniour/home/Bureau/ROB_MOB/catkin_ws/devel/share/gennodejs/ros/local_planner_student/srv/localGoal.js
Already unlinked: {}
Unlinking: /fs03/share/users/aykel.cheniour/home/Bureau/ROB_MOB/catkin_ws/devel/share/gennodejs/ros/local_planner_student/srv/_index.js
Already unlinked: {}
Unlinking: /fs03/share/users/aykel.cheniour/home/Bureau/ROB_MOB/catkin_ws/devel/share/gennodejs/ros/local_planner_student/srv/Path.js
Already unlinked: {}
Unlinking: /fs03/share/users/aykel.cheniour/home/Bureau/ROB_MOB/catkin_ws/devel/share/gennodejs/ros/local_planner_student/msg/goalMsg.js
Already unlinked: {}
Unlinking: /fs03/share/users/aykel.cheniour/home/Bureau/ROB_MOB/catkin_ws/devel/share/gennodejs/ros/local_planner_student/msg/_index.js
Already unlinked: {}
Unlinking: /fs03/share/users/aykel.cheniour/home/Bureau/ROB_MOB/catkin_ws/devel/share/roseus/ros/local_planner_student/manifest.l
Already unlinked: {}
Unlinking: /fs03/share/users/aykel.cheniour/home/Bureau/ROB_MOB/catkin_ws/devel/share/roseus/ros/local_planner_student/srv/Path.l
Already unlinked: {}
Unlinking: /fs03/share/users/aykel.cheniour/home/Bureau/ROB_MOB/catkin_ws/devel/share/roseus/ros/local_planner_student/srv/localGoal.l
Already unlinked: {}
Unlinking: /fs03/share/users/aykel.cheniour/home/Bureau/ROB_MOB/catkin_ws/devel/share/roseus/ros/local_planner_student/msg/goalMsg.l
Already unlinked: {}
Unlinking: /fs03/share/users/aykel.cheniour/home/Bureau/ROB_MOB/catkin_ws/devel/share/common-lisp/ros/local_planner_student/srv/local_planner_student-srv.asd
Already unlinked: {}
Unlinking: /fs03/share/users/aykel.cheniour/home/Bureau/ROB_MOB/catkin_ws/devel/share/common-lisp/ros/local_planner_student/srv/_package_localGoal.lisp
Already unlinked: {}
Unlinking: /fs03/share/users/aykel.cheniour/home/Bureau/ROB_MOB/catkin_ws/devel/share/common-lisp/ros/local_planner_student/srv/_package_Path.lisp
Already unlinked: {}
Unlinking: /fs03/share/users/aykel.cheniour/home/Bureau/ROB_MOB/catkin_ws/devel/share/common-lisp/ros/local_planner_student/srv/Path.lisp
Already unlinked: {}
Unlinking: /fs03/share/users/aykel.cheniour/home/Bureau/ROB_MOB/catkin_ws/devel/share/common-lisp/ros/local_planner_student/srv/localGoal.lisp
Already unlinked: {}
Unlinking: /fs03/share/users/aykel.cheniour/home/Bureau/ROB_MOB/catkin_ws/devel/share/common-lisp/ros/local_planner_student/srv/_package.lisp
Already unlinked: {}
Unlinking: /fs03/share/users/aykel.cheniour/home/Bureau/ROB_MOB/catkin_ws/devel/share/common-lisp/ros/local_planner_student/msg/_package_goalMsg.lisp
Already unlinked: {}
Unlinking: /fs03/share/users/aykel.cheniour/home/Bureau/ROB_MOB/catkin_ws/devel/share/common-lisp/ros/local_planner_student/msg/local_planner_student-msg.asd
Already unlinked: {}
Unlinking: /fs03/share/users/aykel.cheniour/home/Bureau/ROB_MOB/catkin_ws/devel/share/common-lisp/ros/local_planner_student/msg/goalMsg.lisp
Already unlinked: {}
Unlinking: /fs03/share/users/aykel.cheniour/home/Bureau/ROB_MOB/catkin_ws/devel/share/common-lisp/ros/local_planner_student/msg/_package.lisp
Already unlinked: {}
Unlinking: /fs03/share/users/aykel.cheniour/home/Bureau/ROB_MOB/catkin_ws/devel/share/local_planner_student/cmake/local_planner_student-msg-paths.cmake
Already unlinked: {}
Unlinking: /fs03/share/users/aykel.cheniour/home/Bureau/ROB_MOB/catkin_ws/devel/include/local_planner_student/PathResponse.h
Already unlinked: {}
Unlinking: /fs03/share/users/aykel.cheniour/home/Bureau/ROB_MOB/catkin_ws/devel/include/local_planner_student/PathRequest.h
Already unlinked: {}
Unlinking: /fs03/share/users/aykel.cheniour/home/Bureau/ROB_MOB/catkin_ws/devel/include/local_planner_student/localGoal.h
Already unlinked: {}
Unlinking: /fs03/share/users/aykel.cheniour/home/Bureau/ROB_MOB/catkin_ws/devel/include/local_planner_student/localGoalRequest.h
Already unlinked: {}
Unlinking: /fs03/share/users/aykel.cheniour/home/Bureau/ROB_MOB/catkin_ws/devel/include/local_planner_student/Path.h
Already unlinked: {}
Unlinking: /fs03/share/users/aykel.cheniour/home/Bureau/ROB_MOB/catkin_ws/devel/include/local_planner_student/localGoalResponse.h
Already unlinked: {}
Unlinking: /fs03/share/users/aykel.cheniour/home/Bureau/ROB_MOB/catkin_ws/devel/include/local_planner_student/goalMsg.h
Already unlinked: {}
